<html>
<head>
<title>TestNG:  Automation Practice Test Cases</title>
<link href="../testng.css" rel="stylesheet" type="text/css" />
<link href="../my-testng.css" rel="stylesheet" type="text/css" />

<style type="text/css">
.log { display: none;} 
.stack-trace { display: none;} 
</style>
<script type="text/javascript">
<!--
function flip(e) {
  current = e.style.display;
  if (current == 'block') {
    e.style.display = 'none';
    return 0;
  }
  else {
    e.style.display = 'block';
    return 1;
  }
}

function toggleBox(szDivId, elem, msg1, msg2)
{
  var res = -1;  if (document.getElementById) {
    res = flip(document.getElementById(szDivId));
  }
  else if (document.all) {
    // this is the way old msie versions work
    res = flip(document.all[szDivId]);
  }
  if(elem) {
    if(res == 0) elem.innerHTML = msg1; else elem.innerHTML = msg2;
  }

}

function toggleAllBoxes() {
  if (document.getElementsByTagName) {
    d = document.getElementsByTagName('div');
    for (i = 0; i < d.length; i++) {
      if (d[i].className == 'log') {
        flip(d[i]);
      }
    }
  }
}

// -->
</script>

</head>
<body>
<h2 align='center'>Automation Practice Test Cases</h2><table border='1' align="center">
<tr>
<td>Tests passed/Failed/Skipped:</td><td>25/2/0</td>
</tr><tr>
<td>Started on:</td><td>Sun Mar 08 02:12:35 EET 2020</td>
</tr>
<tr><td>Total time:</td><td>560 seconds (560732 ms)</td>
</tr><tr>
<td>Included groups:</td><td></td>
</tr><tr>
<td>Excluded groups:</td><td></td>
</tr>
</table><p/>
<small><i>(Hover the method name to see the test class name)</i></small><p/>
<table width='100%' border='1' class='invocation-failed'>
<tr><td colspan='4' align='center'><b>FAILED TESTS</b></td></tr>
<tr><td><b>Test method</b></td>
<td width="30%"><b>Exception</b></td>
<td width="10%"><b>Time (seconds)</b></td>
<td><b>Instance</b></td>
</tr>
<tr>
<td title='com.automation.qa.testcases.OrderHistoryPageTest.verifyDownloadInvoiceTest()'><b>verifyDownloadInvoiceTest</b><br>Test class: com.automation.qa.testcases.OrderHistoryPageTest</td>
<td><div><pre>java.lang.AssertionError: expected [true] but found [false]
	at com.automation.qa.testcases.OrderHistoryPageTest.verifyDownloadInvoiceTest(OrderHistoryPageTest.java:105)
	at java.util.concurrent.ThreadPoolExecutor.runWorker(Unknown Source)
	at java.util.concurrent.ThreadPoolExecutor$Worker.run(Unknown Source)
	at java.lang.Thread.run(Unknown Source)
... Removed 14 stack frames</pre></div><a href='#' onClick='toggleBox("stack-trace692545951", this, "Click to show all stack frames", "Click to hide stack frames")'>Click to show all stack frames</a>
<div class='stack-trace' id='stack-trace692545951'><pre>java.lang.AssertionError: expected [true] but found [false]
	at org.testng.Assert.fail(Assert.java:96)
	at org.testng.Assert.failNotEquals(Assert.java:776)
	at org.testng.Assert.assertTrue(Assert.java:44)
	at org.testng.Assert.assertTrue(Assert.java:54)
	at com.automation.qa.testcases.OrderHistoryPageTest.verifyDownloadInvoiceTest(OrderHistoryPageTest.java:105)
	at sun.reflect.NativeMethodAccessorImpl.invoke0(Native Method)
	at sun.reflect.NativeMethodAccessorImpl.invoke(Unknown Source)
	at sun.reflect.DelegatingMethodAccessorImpl.invoke(Unknown Source)
	at java.lang.reflect.Method.invoke(Unknown Source)
	at org.testng.internal.MethodInvocationHelper.invokeMethod(MethodInvocationHelper.java:124)
	at org.testng.internal.Invoker.invokeMethod(Invoker.java:583)
	at org.testng.internal.Invoker.invokeTestMethod(Invoker.java:719)
	at org.testng.internal.Invoker.invokeTestMethods(Invoker.java:989)
	at org.testng.internal.TestMethodWorker.invokeTestMethods(TestMethodWorker.java:125)
	at org.testng.internal.TestMethodWorker.run(TestMethodWorker.java:109)
	at java.util.concurrent.ThreadPoolExecutor.runWorker(Unknown Source)
	at java.util.concurrent.ThreadPoolExecutor$Worker.run(Unknown Source)
	at java.lang.Thread.run(Unknown Source)
</pre></div></td>
<td>3</td>
<td>com.automation.qa.testcases.OrderHistoryPageTest@3ffc5af1</td></tr>
<tr>
<td title='com.automation.qa.testcases.OrderHistoryPageTest.verifyPageTitleTest()'><b>verifyPageTitleTest</b><br>Test class: com.automation.qa.testcases.OrderHistoryPageTest</td>
<td><div><pre>java.lang.AssertionError: expected [Order history - My Store] but found []
	at com.automation.qa.testcases.OrderHistoryPageTest.verifyPageTitleTest(OrderHistoryPageTest.java:93)
	at java.util.concurrent.ThreadPoolExecutor.runWorker(Unknown Source)
	at java.util.concurrent.ThreadPoolExecutor$Worker.run(Unknown Source)
	at java.lang.Thread.run(Unknown Source)
... Removed 16 stack frames</pre></div><a href='#' onClick='toggleBox("stack-trace1631373285", this, "Click to show all stack frames", "Click to hide stack frames")'>Click to show all stack frames</a>
<div class='stack-trace' id='stack-trace1631373285'><pre>java.lang.AssertionError: expected [Order history - My Store] but found []
	at org.testng.Assert.fail(Assert.java:96)
	at org.testng.Assert.failNotEquals(Assert.java:776)
	at org.testng.Assert.assertEqualsImpl(Assert.java:137)
	at org.testng.Assert.assertEquals(Assert.java:118)
	at org.testng.Assert.assertEquals(Assert.java:453)
	at org.testng.Assert.assertEquals(Assert.java:463)
	at com.automation.qa.testcases.OrderHistoryPageTest.verifyPageTitleTest(OrderHistoryPageTest.java:93)
	at sun.reflect.NativeMethodAccessorImpl.invoke0(Native Method)
	at sun.reflect.NativeMethodAccessorImpl.invoke(Unknown Source)
	at sun.reflect.DelegatingMethodAccessorImpl.invoke(Unknown Source)
	at java.lang.reflect.Method.invoke(Unknown Source)
	at org.testng.internal.MethodInvocationHelper.invokeMethod(MethodInvocationHelper.java:124)
	at org.testng.internal.Invoker.invokeMethod(Invoker.java:583)
	at org.testng.internal.Invoker.invokeTestMethod(Invoker.java:719)
	at org.testng.internal.Invoker.invokeTestMethods(Invoker.java:989)
	at org.testng.internal.TestMethodWorker.invokeTestMethods(TestMethodWorker.java:125)
	at org.testng.internal.TestMethodWorker.run(TestMethodWorker.java:109)
	at java.util.concurrent.ThreadPoolExecutor.runWorker(Unknown Source)
	at java.util.concurrent.ThreadPoolExecutor$Worker.run(Unknown Source)
	at java.lang.Thread.run(Unknown Source)
</pre></div></td>
<td>0</td>
<td>com.automation.qa.testcases.OrderHistoryPageTest@3ffc5af1</td></tr>
</table><p>
<table width='100%' border='1' class='invocation-passed'>
<tr><td colspan='4' align='center'><b>PASSED TESTS</b></td></tr>
<tr><td><b>Test method</b></td>
<td width="30%"><b>Exception</b></td>
<td width="10%"><b>Time (seconds)</b></td>
<td><b>Instance</b></td>
</tr>
<tr>
<td title='com.automation.qa.testcases.SelectAndCheckoutPageTest.validateSelectedItemTest()'><b>validateSelectedItemTest</b><br>Test class: com.automation.qa.testcases.SelectAndCheckoutPageTest</td>
<td></td>
<td>0</td>
<td>com.automation.qa.testcases.SelectAndCheckoutPageTest@29774679</td></tr>
<tr>
<td title='com.automation.qa.testcases.OrderHistoryPageTest.verifyAddressExistTest()'><b>verifyAddressExistTest</b><br>Test class: com.automation.qa.testcases.OrderHistoryPageTest</td>
<td></td>
<td>0</td>
<td>com.automation.qa.testcases.OrderHistoryPageTest@3ffc5af1</td></tr>
<tr>
<td title='com.automation.qa.testcases.SelectAndCheckoutPageTest.verifyAddressPresentTest()'><b>verifyAddressPresentTest</b><br>Test class: com.automation.qa.testcases.SelectAndCheckoutPageTest</td>
<td></td>
<td>0</td>
<td>com.automation.qa.testcases.SelectAndCheckoutPageTest@29774679</td></tr>
<tr>
<td title='com.automation.qa.testcases.SelectAndCheckoutPageTest.verifyConfirmationMessageTest()'><b>verifyConfirmationMessageTest</b><br>Test class: com.automation.qa.testcases.SelectAndCheckoutPageTest</td>
<td></td>
<td>5</td>
<td>com.automation.qa.testcases.SelectAndCheckoutPageTest@29774679</td></tr>
<tr>
<td title='com.automation.qa.testcases.OrderHistoryPageTest.verifyDownloadInvoiceNotEmptyTest()'><b>verifyDownloadInvoiceNotEmptyTest</b><br>Test class: com.automation.qa.testcases.OrderHistoryPageTest</td>
<td></td>
<td>3</td>
<td>com.automation.qa.testcases.OrderHistoryPageTest@3ffc5af1</td></tr>
<tr>
<td title='com.automation.qa.testcases.SearchPageTest.verifyEnterSearchTextTest()'><b>verifyEnterSearchTextTest</b><br>Test class: com.automation.qa.testcases.SearchPageTest</td>
<td></td>
<td>0</td>
<td>com.automation.qa.testcases.SearchPageTest@61832929</td></tr>
<tr>
<td title='com.automation.qa.testcases.HomePageTest.verifyHomePageTitleTest()'><b>verifyHomePageTitleTest</b><br>Test class: com.automation.qa.testcases.HomePageTest</td>
<td></td>
<td>0</td>
<td>com.automation.qa.testcases.HomePageTest@5b275dab</td></tr>
<tr>
<td title='com.automation.qa.testcases.LoginPageTest.verifyInvalidLoginAndCaptureScreenshotTest()'><b>verifyInvalidLoginAndCaptureScreenshotTest</b><br>Test class: com.automation.qa.testcases.LoginPageTest</td>
<td></td>
<td>3</td>
<td>com.automation.qa.testcases.LoginPageTest@523884b2</td></tr>
<tr>
<td title='com.automation.qa.testcases.HomePageTest.verifyLoggingOutTest()'><b>verifyLoggingOutTest</b><br>Test class: com.automation.qa.testcases.HomePageTest</td>
<td></td>
<td>1</td>
<td>com.automation.qa.testcases.HomePageTest@5b275dab</td></tr>
<tr>
<td title='com.automation.qa.testcases.LoginPageTest.verifyLoginTest()'><b>verifyLoginTest</b><br>Test class: com.automation.qa.testcases.LoginPageTest</td>
<td></td>
<td>2</td>
<td>com.automation.qa.testcases.LoginPageTest@523884b2</td></tr>
<tr>
<td title='com.automation.qa.testcases.LoginPageTest.verifyLogoDisplayTest()'><b>verifyLogoDisplayTest</b><br>Test class: com.automation.qa.testcases.LoginPageTest</td>
<td></td>
<td>0</td>
<td>com.automation.qa.testcases.LoginPageTest@523884b2</td></tr>
<tr>
<td title='com.automation.qa.testcases.HomePageTest.verifyLogoutLinkTest()'><b>verifyLogoutLinkTest</b><br>Test class: com.automation.qa.testcases.HomePageTest</td>
<td></td>
<td>0</td>
<td>com.automation.qa.testcases.HomePageTest@5b275dab</td></tr>
<tr>
<td title='com.automation.qa.testcases.HomePageTest.verifyMyCartLinkTest()'><b>verifyMyCartLinkTest</b><br>Test class: com.automation.qa.testcases.HomePageTest</td>
<td></td>
<td>0</td>
<td>com.automation.qa.testcases.HomePageTest@5b275dab</td></tr>
<tr>
<td title='com.automation.qa.testcases.OrderHistoryPageTest.verifyMyInformationExistTest()'><b>verifyMyInformationExistTest</b><br>Test class: com.automation.qa.testcases.OrderHistoryPageTest</td>
<td></td>
<td>0</td>
<td>com.automation.qa.testcases.OrderHistoryPageTest@3ffc5af1</td></tr>
<tr>
<td title='com.automation.qa.testcases.OrderHistoryPageTest.verifyMyWishlistExistTest()'><b>verifyMyWishlistExistTest</b><br>Test class: com.automation.qa.testcases.OrderHistoryPageTest</td>
<td></td>
<td>0</td>
<td>com.automation.qa.testcases.OrderHistoryPageTest@3ffc5af1</td></tr>
<tr>
<td title='com.automation.qa.testcases.OrderHistoryPageTest.verifyOrderHistoryExistTest()'><b>verifyOrderHistoryExistTest</b><br>Test class: com.automation.qa.testcases.OrderHistoryPageTest</td>
<td></td>
<td>0</td>
<td>com.automation.qa.testcases.OrderHistoryPageTest@3ffc5af1</td></tr>
<tr>
<td title='com.automation.qa.testcases.OrderHistoryPageTest.verifyOrderHistoryNotEmptyTest()'><b>verifyOrderHistoryNotEmptyTest</b><br>Test class: com.automation.qa.testcases.OrderHistoryPageTest</td>
<td></td>
<td>0</td>
<td>com.automation.qa.testcases.OrderHistoryPageTest@3ffc5af1</td></tr>
<tr>
<td title='com.automation.qa.testcases.SelectAndCheckoutPageTest.verifyOrderPageTitleTest()'><b>verifyOrderPageTitleTest</b><br>Test class: com.automation.qa.testcases.SelectAndCheckoutPageTest</td>
<td></td>
<td>0</td>
<td>com.automation.qa.testcases.SelectAndCheckoutPageTest@29774679</td></tr>
<tr>
<td title='com.automation.qa.testcases.SearchPageTest.verifyPageTitle()'><b>verifyPageTitle</b><br>Test class: com.automation.qa.testcases.SearchPageTest</td>
<td></td>
<td>0</td>
<td>com.automation.qa.testcases.SearchPageTest@61832929</td></tr>
<tr>
<td title='com.automation.qa.testcases.LoginPageTest.verifyPageTitleTest()'><b>verifyPageTitleTest</b><br>Test class: com.automation.qa.testcases.LoginPageTest</td>
<td></td>
<td>0</td>
<td>com.automation.qa.testcases.LoginPageTest@523884b2</td></tr>
<tr>
<td title='com.automation.qa.testcases.SearchPageTest.verifyResultTextTest()'><b>verifyResultTextTest</b><br>Test class: com.automation.qa.testcases.SearchPageTest</td>
<td></td>
<td>0</td>
<td>com.automation.qa.testcases.SearchPageTest@61832929</td></tr>
<tr>
<td title='com.automation.qa.testcases.SearchPageTest.verifySearchBoxPresentTest()'><b>verifySearchBoxPresentTest</b><br>Test class: com.automation.qa.testcases.SearchPageTest</td>
<td></td>
<td>0</td>
<td>com.automation.qa.testcases.SearchPageTest@61832929</td></tr>
<tr>
<td title='com.automation.qa.testcases.SearchPageTest.verifySearchResultNotNullTest()'><b>verifySearchResultNotNullTest</b><br>Test class: com.automation.qa.testcases.SearchPageTest</td>
<td></td>
<td>20</td>
<td>com.automation.qa.testcases.SearchPageTest@61832929</td></tr>
<tr>
<td title='com.automation.qa.testcases.HomePageTest.verifySearchTextTest()'><b>verifySearchTextTest</b><br>Test class: com.automation.qa.testcases.HomePageTest</td>
<td></td>
<td>0</td>
<td>com.automation.qa.testcases.HomePageTest@5b275dab</td></tr>
<tr>
<td title='com.automation.qa.testcases.HomePageTest.verifyUserAccountNameTest()'><b>verifyUserAccountNameTest</b><br>Test class: com.automation.qa.testcases.HomePageTest</td>
<td></td>
<td>0</td>
<td>com.automation.qa.testcases.HomePageTest@5b275dab</td></tr>
</table><p>
</body>
</html>