<?xml version="1.0" encoding="UTF-8"?>
<!-- Generated by org.testng.reporters.JUnitXMLReporter -->
<testsuite hostname="LE-PF1EPTKS" ignored="0" name="Automation Practice Test Cases" tests="19" failures="1" timestamp="08 Mar 2020 22:49:37 GMT" time="393.338" errors="0">
  <testcase name="verifyPageTitleTest" time="0.015" classname="com.automation.qa.testcases.LoginPageTest"/>
  <testcase name="verifyHomePageTitleTest" time="0.008" classname="com.automation.qa.testcases.HomePageTest"/>
  <testcase name="verifyPageTitle" time="0.009" classname="com.automation.qa.testcases.SearchPageTest"/>
  <testcase name="verifyOrderPageTitleTest" time="0.009" classname="com.automation.qa.testcases.SelectAndCheckoutPageTest"/>
  <testcase name="verifyOrderHistoryExistTest" time="0.229" classname="com.automation.qa.testcases.OrderHistoryPageTest"/>
  <testcase name="verifyLogoDisplayTest" time="0.041" classname="com.automation.qa.testcases.LoginPageTest"/>
  <testcase name="verifyUserAccountNameTest" time="0.045" classname="com.automation.qa.testcases.HomePageTest"/>
  <testcase name="verifySearchBoxPresentTest" time="0.032" classname="com.automation.qa.testcases.SearchPageTest"/>
  <testcase name="validateSelectedItemTest" time="0.034" classname="com.automation.qa.testcases.SelectAndCheckoutPageTest"/>
  <testcase name="verifyOrderHistoryNotEmptyTest" time="21.305" classname="com.automation.qa.testcases.OrderHistoryPageTest"/>
  <testcase name="verifyLoginTest" time="2.884" classname="com.automation.qa.testcases.LoginPageTest"/>
  <testcase name="verifyMyCartLinkAndSearchBoxTest" time="0.073" classname="com.automation.qa.testcases.HomePageTest"/>
  <testcase name="verifyEnterSearchTextTest" time="0.028" classname="com.automation.qa.testcases.SearchPageTest"/>
  <testcase name="verifyAddressPresentTest" time="0.04" classname="com.automation.qa.testcases.SelectAndCheckoutPageTest"/>
  <testcase name="verifyDownloadInvoiceTest" time="3.517" classname="com.automation.qa.testcases.OrderHistoryPageTest"/>
  <testcase name="verifyInvalidLoginAndCaptureScreenshotTest" time="2.961" classname="com.automation.qa.testcases.LoginPageTest">
    <failure type="java.lang.AssertionError" message=" Unsuccessful Login please check username and password.Screenshot captured for debugging purpose. expected [false] but found [true]">
      <![CDATA[java.lang.AssertionError:  Unsuccessful Login please check username and password.Screenshot captured for debugging purpose. expected [false] but found [true]
at com.automation.qa.testcases.LoginPageTest.verifyInvalidLoginAndCaptureScreenshotTest(LoginPageTest.java:61)
at java.util.concurrent.ThreadPoolExecutor.runWorker(Unknown Source)
at java.util.concurrent.ThreadPoolExecutor$Worker.run(Unknown Source)
at java.lang.Thread.run(Unknown Source)
... Removed 13 stack frames]]>
    </failure>
  </testcase> <!-- verifyInvalidLoginAndCaptureScreenshotTest -->
  <testcase name="verifySearchResultNotNullTest" time="20.065" classname="com.automation.qa.testcases.SearchPageTest"/>
  <testcase name="verifyConfirmationMessageTest" time="5.456" classname="com.automation.qa.testcases.SelectAndCheckoutPageTest"/>
  <testcase name="verifyResultTextTest" time="0.029" classname="com.automation.qa.testcases.SearchPageTest"/>
</testsuite> <!-- Automation Practice Test Cases -->
