<?xml version="1.0" encoding="UTF-8"?>
<testng-results skipped="0" failed="2" ignored="0" total="27" passed="25">
  <reporter-output>
  </reporter-output>
  <suite name="Automation Practice Test Suite" duration-ms="560732" started-at="2020-03-08T00:12:35Z" finished-at="2020-03-08T00:21:55Z">
    <groups>
    </groups>
    <test name="Automation Practice Test Cases" duration-ms="560732" started-at="2020-03-08T00:12:35Z" finished-at="2020-03-08T00:21:55Z">
      <class name="com.automation.qa.testcases.SelectAndCheckoutPageTest">
        <test-method status="PASS" signature="setUp()[pri:0, instance:com.automation.qa.testcases.SelectAndCheckoutPageTest@29774679]" name="setUp" is-config="true" duration-ms="20761" started-at="2020-03-08T00:13:25Z" finished-at="2020-03-08T00:13:45Z">
          <reporter-output>
          </reporter-output>
        </test-method> <!-- setUp -->
        <test-method status="PASS" signature="verifyOrderPageTitleTest()[pri:1, instance:com.automation.qa.testcases.SelectAndCheckoutPageTest@29774679]" name="verifyOrderPageTitleTest" duration-ms="8" started-at="2020-03-08T00:13:45Z" finished-at="2020-03-08T00:13:45Z">
          <reporter-output>
          </reporter-output>
        </test-method> <!-- verifyOrderPageTitleTest -->
        <test-method status="PASS" signature="tearDown()[pri:0, instance:com.automation.qa.testcases.SelectAndCheckoutPageTest@29774679]" name="tearDown" is-config="true" duration-ms="703" started-at="2020-03-08T00:13:45Z" finished-at="2020-03-08T00:13:46Z">
          <reporter-output>
          </reporter-output>
        </test-method> <!-- tearDown -->
        <test-method status="PASS" signature="setUp()[pri:0, instance:com.automation.qa.testcases.SelectAndCheckoutPageTest@29774679]" name="setUp" is-config="true" duration-ms="24645" started-at="2020-03-08T00:14:57Z" finished-at="2020-03-08T00:15:22Z">
          <reporter-output>
          </reporter-output>
        </test-method> <!-- setUp -->
        <test-method status="PASS" signature="validateSelectedItemTest()[pri:2, instance:com.automation.qa.testcases.SelectAndCheckoutPageTest@29774679]" name="validateSelectedItemTest" duration-ms="39" started-at="2020-03-08T00:15:22Z" finished-at="2020-03-08T00:15:22Z">
          <reporter-output>
          </reporter-output>
        </test-method> <!-- validateSelectedItemTest -->
        <test-method status="PASS" signature="tearDown()[pri:0, instance:com.automation.qa.testcases.SelectAndCheckoutPageTest@29774679]" name="tearDown" is-config="true" duration-ms="713" started-at="2020-03-08T00:15:22Z" finished-at="2020-03-08T00:15:22Z">
          <reporter-output>
          </reporter-output>
        </test-method> <!-- tearDown -->
        <test-method status="PASS" signature="setUp()[pri:0, instance:com.automation.qa.testcases.SelectAndCheckoutPageTest@29774679]" name="setUp" is-config="true" duration-ms="21337" started-at="2020-03-08T00:16:37Z" finished-at="2020-03-08T00:16:58Z">
          <reporter-output>
          </reporter-output>
        </test-method> <!-- setUp -->
        <test-method status="PASS" signature="verifyAddressPresentTest()[pri:3, instance:com.automation.qa.testcases.SelectAndCheckoutPageTest@29774679]" name="verifyAddressPresentTest" duration-ms="42" started-at="2020-03-08T00:16:58Z" finished-at="2020-03-08T00:16:58Z">
          <reporter-output>
          </reporter-output>
        </test-method> <!-- verifyAddressPresentTest -->
        <test-method status="PASS" signature="tearDown()[pri:0, instance:com.automation.qa.testcases.SelectAndCheckoutPageTest@29774679]" name="tearDown" is-config="true" duration-ms="696" started-at="2020-03-08T00:16:58Z" finished-at="2020-03-08T00:16:59Z">
          <reporter-output>
          </reporter-output>
        </test-method> <!-- tearDown -->
        <test-method status="PASS" signature="setUp()[pri:0, instance:com.automation.qa.testcases.SelectAndCheckoutPageTest@29774679]" name="setUp" is-config="true" duration-ms="21492" started-at="2020-03-08T00:18:35Z" finished-at="2020-03-08T00:18:56Z">
          <reporter-output>
          </reporter-output>
        </test-method> <!-- setUp -->
        <test-method status="PASS" signature="verifyConfirmationMessageTest()[pri:4, instance:com.automation.qa.testcases.SelectAndCheckoutPageTest@29774679]" name="verifyConfirmationMessageTest" duration-ms="5337" started-at="2020-03-08T00:18:56Z" finished-at="2020-03-08T00:19:02Z">
          <reporter-output>
          </reporter-output>
        </test-method> <!-- verifyConfirmationMessageTest -->
        <test-method status="PASS" signature="tearDown()[pri:0, instance:com.automation.qa.testcases.SelectAndCheckoutPageTest@29774679]" name="tearDown" is-config="true" duration-ms="725" started-at="2020-03-08T00:19:02Z" finished-at="2020-03-08T00:19:02Z">
          <reporter-output>
          </reporter-output>
        </test-method> <!-- tearDown -->
      </class> <!-- com.automation.qa.testcases.SelectAndCheckoutPageTest -->
      <class name="com.automation.qa.testcases.SearchPageTest">
        <test-method status="PASS" signature="setUp()[pri:0, instance:com.automation.qa.testcases.SearchPageTest@61832929]" name="setUp" is-config="true" duration-ms="18103" started-at="2020-03-08T00:13:06Z" finished-at="2020-03-08T00:13:24Z">
          <reporter-output>
          </reporter-output>
        </test-method> <!-- setUp -->
        <test-method status="PASS" signature="verifyPageTitle()[pri:1, instance:com.automation.qa.testcases.SearchPageTest@61832929]" name="verifyPageTitle" duration-ms="9" started-at="2020-03-08T00:13:24Z" finished-at="2020-03-08T00:13:24Z">
          <reporter-output>
          </reporter-output>
        </test-method> <!-- verifyPageTitle -->
        <test-method status="PASS" signature="tearDown()[pri:0, instance:com.automation.qa.testcases.SearchPageTest@61832929]" name="tearDown" is-config="true" duration-ms="702" started-at="2020-03-08T00:13:24Z" finished-at="2020-03-08T00:13:25Z">
          <reporter-output>
          </reporter-output>
        </test-method> <!-- tearDown -->
        <test-method status="PASS" signature="setUp()[pri:0, instance:com.automation.qa.testcases.SearchPageTest@61832929]" name="setUp" is-config="true" duration-ms="17534" started-at="2020-03-08T00:14:39Z" finished-at="2020-03-08T00:14:56Z">
          <reporter-output>
          </reporter-output>
        </test-method> <!-- setUp -->
        <test-method status="PASS" signature="verifySearchBoxPresentTest()[pri:2, instance:com.automation.qa.testcases.SearchPageTest@61832929]" name="verifySearchBoxPresentTest" duration-ms="37" started-at="2020-03-08T00:14:56Z" finished-at="2020-03-08T00:14:56Z">
          <reporter-output>
          </reporter-output>
        </test-method> <!-- verifySearchBoxPresentTest -->
        <test-method status="PASS" signature="tearDown()[pri:0, instance:com.automation.qa.testcases.SearchPageTest@61832929]" name="tearDown" is-config="true" duration-ms="718" started-at="2020-03-08T00:14:56Z" finished-at="2020-03-08T00:14:57Z">
          <reporter-output>
          </reporter-output>
        </test-method> <!-- tearDown -->
        <test-method status="PASS" signature="setUp()[pri:0, instance:com.automation.qa.testcases.SearchPageTest@61832929]" name="setUp" is-config="true" duration-ms="17898" started-at="2020-03-08T00:16:18Z" finished-at="2020-03-08T00:16:36Z">
          <reporter-output>
          </reporter-output>
        </test-method> <!-- setUp -->
        <test-method status="PASS" signature="verifyEnterSearchTextTest()[pri:3, instance:com.automation.qa.testcases.SearchPageTest@61832929]" name="verifyEnterSearchTextTest" duration-ms="30" started-at="2020-03-08T00:16:36Z" finished-at="2020-03-08T00:16:36Z">
          <reporter-output>
          </reporter-output>
        </test-method> <!-- verifyEnterSearchTextTest -->
        <test-method status="PASS" signature="tearDown()[pri:0, instance:com.automation.qa.testcases.SearchPageTest@61832929]" name="tearDown" is-config="true" duration-ms="708" started-at="2020-03-08T00:16:36Z" finished-at="2020-03-08T00:16:37Z">
          <reporter-output>
          </reporter-output>
        </test-method> <!-- tearDown -->
        <test-method status="PASS" signature="setUp()[pri:0, instance:com.automation.qa.testcases.SearchPageTest@61832929]" name="setUp" is-config="true" duration-ms="18056" started-at="2020-03-08T00:17:56Z" finished-at="2020-03-08T00:18:14Z">
          <reporter-output>
          </reporter-output>
        </test-method> <!-- setUp -->
        <test-method status="PASS" signature="verifySearchResultNotNullTest()[pri:4, instance:com.automation.qa.testcases.SearchPageTest@61832929]" name="verifySearchResultNotNullTest" duration-ms="20068" started-at="2020-03-08T00:18:14Z" finished-at="2020-03-08T00:18:34Z">
          <reporter-output>
          </reporter-output>
        </test-method> <!-- verifySearchResultNotNullTest -->
        <test-method status="PASS" signature="tearDown()[pri:0, instance:com.automation.qa.testcases.SearchPageTest@61832929]" name="tearDown" is-config="true" duration-ms="675" started-at="2020-03-08T00:18:34Z" finished-at="2020-03-08T00:18:35Z">
          <reporter-output>
          </reporter-output>
        </test-method> <!-- tearDown -->
        <test-method status="PASS" signature="setUp()[pri:0, instance:com.automation.qa.testcases.SearchPageTest@61832929]" name="setUp" is-config="true" duration-ms="17548" started-at="2020-03-08T00:19:43Z" finished-at="2020-03-08T00:20:00Z">
          <reporter-output>
          </reporter-output>
        </test-method> <!-- setUp -->
        <test-method status="PASS" signature="verifyResultTextTest()[pri:5, instance:com.automation.qa.testcases.SearchPageTest@61832929]" name="verifyResultTextTest" duration-ms="30" started-at="2020-03-08T00:20:00Z" finished-at="2020-03-08T00:20:00Z">
          <reporter-output>
          </reporter-output>
        </test-method> <!-- verifyResultTextTest -->
        <test-method status="PASS" signature="tearDown()[pri:0, instance:com.automation.qa.testcases.SearchPageTest@61832929]" name="tearDown" is-config="true" duration-ms="701" started-at="2020-03-08T00:20:00Z" finished-at="2020-03-08T00:20:01Z">
          <reporter-output>
          </reporter-output>
        </test-method> <!-- tearDown -->
      </class> <!-- com.automation.qa.testcases.SearchPageTest -->
      <class name="com.automation.qa.testcases.OrderHistoryPageTest">
        <test-method status="PASS" signature="setUp()[pri:0, instance:com.automation.qa.testcases.OrderHistoryPageTest@3ffc5af1]" name="setUp" is-config="true" duration-ms="21478" started-at="2020-03-08T00:13:46Z" finished-at="2020-03-08T00:14:08Z">
          <reporter-output>
          </reporter-output>
        </test-method> <!-- setUp -->
        <test-method status="PASS" signature="verifyOrderHistoryExistTest()[pri:1, instance:com.automation.qa.testcases.OrderHistoryPageTest@3ffc5af1]" name="verifyOrderHistoryExistTest" duration-ms="64" started-at="2020-03-08T00:14:08Z" finished-at="2020-03-08T00:14:08Z">
          <reporter-output>
          </reporter-output>
        </test-method> <!-- verifyOrderHistoryExistTest -->
        <test-method status="PASS" signature="tearDown()[pri:0, instance:com.automation.qa.testcases.OrderHistoryPageTest@3ffc5af1]" name="tearDown" is-config="true" duration-ms="615" started-at="2020-03-08T00:14:08Z" finished-at="2020-03-08T00:14:08Z">
          <reporter-output>
          </reporter-output>
        </test-method> <!-- tearDown -->
        <test-method status="PASS" signature="setUp()[pri:0, instance:com.automation.qa.testcases.OrderHistoryPageTest@3ffc5af1]" name="setUp" is-config="true" duration-ms="21669" started-at="2020-03-08T00:15:22Z" finished-at="2020-03-08T00:15:44Z">
          <reporter-output>
          </reporter-output>
        </test-method> <!-- setUp -->
        <test-method status="PASS" signature="verifyMyWishlistExistTest()[pri:2, instance:com.automation.qa.testcases.OrderHistoryPageTest@3ffc5af1]" name="verifyMyWishlistExistTest" duration-ms="48" started-at="2020-03-08T00:15:44Z" finished-at="2020-03-08T00:15:44Z">
          <reporter-output>
          </reporter-output>
        </test-method> <!-- verifyMyWishlistExistTest -->
        <test-method status="PASS" signature="tearDown()[pri:0, instance:com.automation.qa.testcases.OrderHistoryPageTest@3ffc5af1]" name="tearDown" is-config="true" duration-ms="635" started-at="2020-03-08T00:15:44Z" finished-at="2020-03-08T00:15:45Z">
          <reporter-output>
          </reporter-output>
        </test-method> <!-- tearDown -->
        <test-method status="PASS" signature="setUp()[pri:0, instance:com.automation.qa.testcases.OrderHistoryPageTest@3ffc5af1]" name="setUp" is-config="true" duration-ms="22432" started-at="2020-03-08T00:16:59Z" finished-at="2020-03-08T00:17:22Z">
          <reporter-output>
          </reporter-output>
        </test-method> <!-- setUp -->
        <test-method status="PASS" signature="verifyAddressExistTest()[pri:3, instance:com.automation.qa.testcases.OrderHistoryPageTest@3ffc5af1]" name="verifyAddressExistTest" duration-ms="48" started-at="2020-03-08T00:17:22Z" finished-at="2020-03-08T00:17:22Z">
          <reporter-output>
          </reporter-output>
        </test-method> <!-- verifyAddressExistTest -->
        <test-method status="PASS" signature="tearDown()[pri:0, instance:com.automation.qa.testcases.OrderHistoryPageTest@3ffc5af1]" name="tearDown" is-config="true" duration-ms="637" started-at="2020-03-08T00:17:22Z" finished-at="2020-03-08T00:17:22Z">
          <reporter-output>
          </reporter-output>
        </test-method> <!-- tearDown -->
        <test-method status="PASS" signature="setUp()[pri:0, instance:com.automation.qa.testcases.OrderHistoryPageTest@3ffc5af1]" name="setUp" is-config="true" duration-ms="21550" started-at="2020-03-08T00:19:02Z" finished-at="2020-03-08T00:19:24Z">
          <reporter-output>
          </reporter-output>
        </test-method> <!-- setUp -->
        <test-method status="PASS" signature="verifyMyInformationExistTest()[pri:4, instance:com.automation.qa.testcases.OrderHistoryPageTest@3ffc5af1]" name="verifyMyInformationExistTest" duration-ms="32" started-at="2020-03-08T00:19:24Z" finished-at="2020-03-08T00:19:24Z">
          <reporter-output>
          </reporter-output>
        </test-method> <!-- verifyMyInformationExistTest -->
        <test-method status="PASS" signature="tearDown()[pri:0, instance:com.automation.qa.testcases.OrderHistoryPageTest@3ffc5af1]" name="tearDown" is-config="true" duration-ms="624" started-at="2020-03-08T00:19:24Z" finished-at="2020-03-08T00:19:24Z">
          <reporter-output>
          </reporter-output>
        </test-method> <!-- tearDown -->
        <test-method status="PASS" signature="setUp()[pri:0, instance:com.automation.qa.testcases.OrderHistoryPageTest@3ffc5af1]" name="setUp" is-config="true" duration-ms="22157" started-at="2020-03-08T00:20:01Z" finished-at="2020-03-08T00:20:23Z">
          <reporter-output>
          </reporter-output>
        </test-method> <!-- setUp -->
        <test-method status="PASS" signature="verifyOrderHistoryNotEmptyTest()[pri:5, instance:com.automation.qa.testcases.OrderHistoryPageTest@3ffc5af1]" name="verifyOrderHistoryNotEmptyTest" duration-ms="19" started-at="2020-03-08T00:20:23Z" finished-at="2020-03-08T00:20:23Z">
          <reporter-output>
          </reporter-output>
        </test-method> <!-- verifyOrderHistoryNotEmptyTest -->
        <test-method status="PASS" signature="tearDown()[pri:0, instance:com.automation.qa.testcases.OrderHistoryPageTest@3ffc5af1]" name="tearDown" is-config="true" duration-ms="597" started-at="2020-03-08T00:20:23Z" finished-at="2020-03-08T00:20:24Z">
          <reporter-output>
          </reporter-output>
        </test-method> <!-- tearDown -->
        <test-method status="PASS" signature="setUp()[pri:0, instance:com.automation.qa.testcases.OrderHistoryPageTest@3ffc5af1]" name="setUp" is-config="true" duration-ms="21660" started-at="2020-03-08T00:20:41Z" finished-at="2020-03-08T00:21:02Z">
          <reporter-output>
          </reporter-output>
        </test-method> <!-- setUp -->
        <test-method status="FAIL" signature="verifyPageTitleTest()[pri:6, instance:com.automation.qa.testcases.OrderHistoryPageTest@3ffc5af1]" name="verifyPageTitleTest" duration-ms="10" started-at="2020-03-08T00:21:02Z" finished-at="2020-03-08T00:21:02Z">
          <exception class="java.lang.AssertionError">
            <message>
              <![CDATA[expected [Order history - My Store] but found []]]>
            </message>
            <full-stacktrace>
              <![CDATA[java.lang.AssertionError: expected [Order history - My Store] but found []
at org.testng.Assert.fail(Assert.java:96)
at org.testng.Assert.failNotEquals(Assert.java:776)
at org.testng.Assert.assertEqualsImpl(Assert.java:137)
at org.testng.Assert.assertEquals(Assert.java:118)
at org.testng.Assert.assertEquals(Assert.java:453)
at org.testng.Assert.assertEquals(Assert.java:463)
at com.automation.qa.testcases.OrderHistoryPageTest.verifyPageTitleTest(OrderHistoryPageTest.java:93)
at sun.reflect.NativeMethodAccessorImpl.invoke0(Native Method)
at sun.reflect.NativeMethodAccessorImpl.invoke(Unknown Source)
at sun.reflect.DelegatingMethodAccessorImpl.invoke(Unknown Source)
at java.lang.reflect.Method.invoke(Unknown Source)
at org.testng.internal.MethodInvocationHelper.invokeMethod(MethodInvocationHelper.java:124)
at org.testng.internal.Invoker.invokeMethod(Invoker.java:583)
at org.testng.internal.Invoker.invokeTestMethod(Invoker.java:719)
at org.testng.internal.Invoker.invokeTestMethods(Invoker.java:989)
at org.testng.internal.TestMethodWorker.invokeTestMethods(TestMethodWorker.java:125)
at org.testng.internal.TestMethodWorker.run(TestMethodWorker.java:109)
at java.util.concurrent.ThreadPoolExecutor.runWorker(Unknown Source)
at java.util.concurrent.ThreadPoolExecutor$Worker.run(Unknown Source)
at java.lang.Thread.run(Unknown Source)
]]>
            </full-stacktrace>
          </exception> <!-- java.lang.AssertionError -->
          <reporter-output>
          </reporter-output>
        </test-method> <!-- verifyPageTitleTest -->
        <test-method status="PASS" signature="tearDown()[pri:0, instance:com.automation.qa.testcases.OrderHistoryPageTest@3ffc5af1]" name="tearDown" is-config="true" duration-ms="633" started-at="2020-03-08T00:21:02Z" finished-at="2020-03-08T00:21:03Z">
          <reporter-output>
          </reporter-output>
        </test-method> <!-- tearDown -->
        <test-method status="PASS" signature="setUp()[pri:0, instance:com.automation.qa.testcases.OrderHistoryPageTest@3ffc5af1]" name="setUp" is-config="true" duration-ms="21686" started-at="2020-03-08T00:21:03Z" finished-at="2020-03-08T00:21:25Z">
          <reporter-output>
          </reporter-output>
        </test-method> <!-- setUp -->
        <test-method status="FAIL" signature="verifyDownloadInvoiceTest()[pri:7, instance:com.automation.qa.testcases.OrderHistoryPageTest@3ffc5af1]" name="verifyDownloadInvoiceTest" duration-ms="3721" started-at="2020-03-08T00:21:25Z" finished-at="2020-03-08T00:21:28Z">
          <exception class="java.lang.AssertionError">
            <message>
              <![CDATA[expected [true] but found [false]]]>
            </message>
            <full-stacktrace>
              <![CDATA[java.lang.AssertionError: expected [true] but found [false]
at org.testng.Assert.fail(Assert.java:96)
at org.testng.Assert.failNotEquals(Assert.java:776)
at org.testng.Assert.assertTrue(Assert.java:44)
at org.testng.Assert.assertTrue(Assert.java:54)
at com.automation.qa.testcases.OrderHistoryPageTest.verifyDownloadInvoiceTest(OrderHistoryPageTest.java:105)
at sun.reflect.NativeMethodAccessorImpl.invoke0(Native Method)
at sun.reflect.NativeMethodAccessorImpl.invoke(Unknown Source)
at sun.reflect.DelegatingMethodAccessorImpl.invoke(Unknown Source)
at java.lang.reflect.Method.invoke(Unknown Source)
at org.testng.internal.MethodInvocationHelper.invokeMethod(MethodInvocationHelper.java:124)
at org.testng.internal.Invoker.invokeMethod(Invoker.java:583)
at org.testng.internal.Invoker.invokeTestMethod(Invoker.java:719)
at org.testng.internal.Invoker.invokeTestMethods(Invoker.java:989)
at org.testng.internal.TestMethodWorker.invokeTestMethods(TestMethodWorker.java:125)
at org.testng.internal.TestMethodWorker.run(TestMethodWorker.java:109)
at java.util.concurrent.ThreadPoolExecutor.runWorker(Unknown Source)
at java.util.concurrent.ThreadPoolExecutor$Worker.run(Unknown Source)
at java.lang.Thread.run(Unknown Source)
]]>
            </full-stacktrace>
          </exception> <!-- java.lang.AssertionError -->
          <reporter-output>
          </reporter-output>
        </test-method> <!-- verifyDownloadInvoiceTest -->
        <test-method status="PASS" signature="tearDown()[pri:0, instance:com.automation.qa.testcases.OrderHistoryPageTest@3ffc5af1]" name="tearDown" is-config="true" duration-ms="639" started-at="2020-03-08T00:21:28Z" finished-at="2020-03-08T00:21:29Z">
          <reporter-output>
          </reporter-output>
        </test-method> <!-- tearDown -->
        <test-method status="PASS" signature="setUp()[pri:0, instance:com.automation.qa.testcases.OrderHistoryPageTest@3ffc5af1]" name="setUp" is-config="true" duration-ms="21724" started-at="2020-03-08T00:21:29Z" finished-at="2020-03-08T00:21:51Z">
          <reporter-output>
          </reporter-output>
        </test-method> <!-- setUp -->
        <test-method status="PASS" signature="verifyDownloadInvoiceNotEmptyTest()[pri:8, instance:com.automation.qa.testcases.OrderHistoryPageTest@3ffc5af1]" name="verifyDownloadInvoiceNotEmptyTest" duration-ms="3834" started-at="2020-03-08T00:21:51Z" finished-at="2020-03-08T00:21:55Z">
          <reporter-output>
          </reporter-output>
        </test-method> <!-- verifyDownloadInvoiceNotEmptyTest -->
        <test-method status="PASS" signature="tearDown()[pri:0, instance:com.automation.qa.testcases.OrderHistoryPageTest@3ffc5af1]" name="tearDown" is-config="true" duration-ms="727" started-at="2020-03-08T00:21:55Z" finished-at="2020-03-08T00:21:55Z">
          <reporter-output>
          </reporter-output>
        </test-method> <!-- tearDown -->
      </class> <!-- com.automation.qa.testcases.OrderHistoryPageTest -->
      <class name="com.automation.qa.testcases.LoginPageTest">
        <test-method status="PASS" signature="setUp()[pri:0, instance:com.automation.qa.testcases.LoginPageTest@523884b2]" name="setUp" is-config="true" duration-ms="13879" started-at="2020-03-08T00:12:35Z" finished-at="2020-03-08T00:12:49Z">
          <reporter-output>
          </reporter-output>
        </test-method> <!-- setUp -->
        <test-method status="PASS" signature="verifyPageTitleTest()[pri:1, instance:com.automation.qa.testcases.LoginPageTest@523884b2]" name="verifyPageTitleTest" duration-ms="15" started-at="2020-03-08T00:12:49Z" finished-at="2020-03-08T00:12:49Z">
          <reporter-output>
          </reporter-output>
        </test-method> <!-- verifyPageTitleTest -->
        <test-method status="PASS" signature="tearDown()[pri:0, instance:com.automation.qa.testcases.LoginPageTest@523884b2]" name="tearDown" is-config="true" duration-ms="1017" started-at="2020-03-08T00:12:49Z" finished-at="2020-03-08T00:12:50Z">
          <reporter-output>
          </reporter-output>
        </test-method> <!-- tearDown -->
        <test-method status="PASS" signature="setUp()[pri:0, instance:com.automation.qa.testcases.LoginPageTest@523884b2]" name="setUp" is-config="true" duration-ms="12888" started-at="2020-03-08T00:14:08Z" finished-at="2020-03-08T00:14:21Z">
          <reporter-output>
          </reporter-output>
        </test-method> <!-- setUp -->
        <test-method status="PASS" signature="verifyLogoDisplayTest()[pri:2, instance:com.automation.qa.testcases.LoginPageTest@523884b2]" name="verifyLogoDisplayTest" duration-ms="39" started-at="2020-03-08T00:14:21Z" finished-at="2020-03-08T00:14:21Z">
          <reporter-output>
          </reporter-output>
        </test-method> <!-- verifyLogoDisplayTest -->
        <test-method status="PASS" signature="tearDown()[pri:0, instance:com.automation.qa.testcases.LoginPageTest@523884b2]" name="tearDown" is-config="true" duration-ms="705" started-at="2020-03-08T00:14:21Z" finished-at="2020-03-08T00:14:22Z">
          <reporter-output>
          </reporter-output>
        </test-method> <!-- tearDown -->
        <test-method status="PASS" signature="setUp()[pri:0, instance:com.automation.qa.testcases.LoginPageTest@523884b2]" name="setUp" is-config="true" duration-ms="13471" started-at="2020-03-08T00:15:45Z" finished-at="2020-03-08T00:15:58Z">
          <reporter-output>
          </reporter-output>
        </test-method> <!-- setUp -->
        <test-method status="PASS" signature="verifyLoginTest()[pri:3, instance:com.automation.qa.testcases.LoginPageTest@523884b2]" name="verifyLoginTest" duration-ms="2848" started-at="2020-03-08T00:15:58Z" finished-at="2020-03-08T00:16:01Z">
          <reporter-output>
          </reporter-output>
        </test-method> <!-- verifyLoginTest -->
        <test-method status="PASS" signature="tearDown()[pri:0, instance:com.automation.qa.testcases.LoginPageTest@523884b2]" name="tearDown" is-config="true" duration-ms="690" started-at="2020-03-08T00:16:01Z" finished-at="2020-03-08T00:16:02Z">
          <reporter-output>
          </reporter-output>
        </test-method> <!-- tearDown -->
        <test-method status="PASS" signature="setUp()[pri:0, instance:com.automation.qa.testcases.LoginPageTest@523884b2]" name="setUp" is-config="true" duration-ms="13153" started-at="2020-03-08T00:17:22Z" finished-at="2020-03-08T00:17:35Z">
          <reporter-output>
          </reporter-output>
        </test-method> <!-- setUp -->
        <test-method status="PASS" signature="verifyInvalidLoginAndCaptureScreenshotTest()[pri:4, instance:com.automation.qa.testcases.LoginPageTest@523884b2]" name="verifyInvalidLoginAndCaptureScreenshotTest" duration-ms="3154" started-at="2020-03-08T00:17:35Z" finished-at="2020-03-08T00:17:39Z">
          <reporter-output>
          </reporter-output>
        </test-method> <!-- verifyInvalidLoginAndCaptureScreenshotTest -->
        <test-method status="PASS" signature="tearDown()[pri:0, instance:com.automation.qa.testcases.LoginPageTest@523884b2]" name="tearDown" is-config="true" duration-ms="691" started-at="2020-03-08T00:17:39Z" finished-at="2020-03-08T00:17:39Z">
          <reporter-output>
          </reporter-output>
        </test-method> <!-- tearDown -->
      </class> <!-- com.automation.qa.testcases.LoginPageTest -->
      <class name="com.automation.qa.testcases.HomePageTest">
        <test-method status="PASS" signature="setUp()[pri:0, instance:com.automation.qa.testcases.HomePageTest@5b275dab]" name="setUp" is-config="true" duration-ms="15622" started-at="2020-03-08T00:12:50Z" finished-at="2020-03-08T00:13:05Z">
          <reporter-output>
          </reporter-output>
        </test-method> <!-- setUp -->
        <test-method status="PASS" signature="verifyHomePageTitleTest()[pri:1, instance:com.automation.qa.testcases.HomePageTest@5b275dab]" name="verifyHomePageTitleTest" duration-ms="11" started-at="2020-03-08T00:13:05Z" finished-at="2020-03-08T00:13:05Z">
          <reporter-output>
          </reporter-output>
        </test-method> <!-- verifyHomePageTitleTest -->
        <test-method status="PASS" signature="tearDown()[pri:0, instance:com.automation.qa.testcases.HomePageTest@5b275dab]" name="tearDown" is-config="true" duration-ms="712" started-at="2020-03-08T00:13:05Z" finished-at="2020-03-08T00:13:06Z">
          <reporter-output>
          </reporter-output>
        </test-method> <!-- tearDown -->
        <test-method status="PASS" signature="setUp()[pri:0, instance:com.automation.qa.testcases.HomePageTest@5b275dab]" name="setUp" is-config="true" duration-ms="16050" started-at="2020-03-08T00:14:22Z" finished-at="2020-03-08T00:14:38Z">
          <reporter-output>
          </reporter-output>
        </test-method> <!-- setUp -->
        <test-method status="PASS" signature="verifyUserAccountNameTest()[pri:2, instance:com.automation.qa.testcases.HomePageTest@5b275dab]" name="verifyUserAccountNameTest" duration-ms="37" started-at="2020-03-08T00:14:38Z" finished-at="2020-03-08T00:14:38Z">
          <reporter-output>
          </reporter-output>
        </test-method> <!-- verifyUserAccountNameTest -->
        <test-method status="PASS" signature="tearDown()[pri:0, instance:com.automation.qa.testcases.HomePageTest@5b275dab]" name="tearDown" is-config="true" duration-ms="719" started-at="2020-03-08T00:14:38Z" finished-at="2020-03-08T00:14:39Z">
          <reporter-output>
          </reporter-output>
        </test-method> <!-- tearDown -->
        <test-method status="PASS" signature="setUp()[pri:0, instance:com.automation.qa.testcases.HomePageTest@5b275dab]" name="setUp" is-config="true" duration-ms="15869" started-at="2020-03-08T00:16:02Z" finished-at="2020-03-08T00:16:18Z">
          <reporter-output>
          </reporter-output>
        </test-method> <!-- setUp -->
        <test-method status="PASS" signature="verifyMyCartLinkTest()[pri:3, instance:com.automation.qa.testcases.HomePageTest@5b275dab]" name="verifyMyCartLinkTest" duration-ms="41" started-at="2020-03-08T00:16:18Z" finished-at="2020-03-08T00:16:18Z">
          <reporter-output>
          </reporter-output>
        </test-method> <!-- verifyMyCartLinkTest -->
        <test-method status="PASS" signature="tearDown()[pri:0, instance:com.automation.qa.testcases.HomePageTest@5b275dab]" name="tearDown" is-config="true" duration-ms="730" started-at="2020-03-08T00:16:18Z" finished-at="2020-03-08T00:16:18Z">
          <reporter-output>
          </reporter-output>
        </test-method> <!-- tearDown -->
        <test-method status="PASS" signature="setUp()[pri:0, instance:com.automation.qa.testcases.HomePageTest@5b275dab]" name="setUp" is-config="true" duration-ms="15816" started-at="2020-03-08T00:17:39Z" finished-at="2020-03-08T00:17:55Z">
          <reporter-output>
          </reporter-output>
        </test-method> <!-- setUp -->
        <test-method status="PASS" signature="verifyLogoutLinkTest()[pri:4, instance:com.automation.qa.testcases.HomePageTest@5b275dab]" name="verifyLogoutLinkTest" duration-ms="50" started-at="2020-03-08T00:17:55Z" finished-at="2020-03-08T00:17:55Z">
          <reporter-output>
          </reporter-output>
        </test-method> <!-- verifyLogoutLinkTest -->
        <test-method status="PASS" signature="tearDown()[pri:0, instance:com.automation.qa.testcases.HomePageTest@5b275dab]" name="tearDown" is-config="true" duration-ms="697" started-at="2020-03-08T00:17:55Z" finished-at="2020-03-08T00:17:56Z">
          <reporter-output>
          </reporter-output>
        </test-method> <!-- tearDown -->
        <test-method status="PASS" signature="setUp()[pri:0, instance:com.automation.qa.testcases.HomePageTest@5b275dab]" name="setUp" is-config="true" duration-ms="15852" started-at="2020-03-08T00:19:24Z" finished-at="2020-03-08T00:19:40Z">
          <reporter-output>
          </reporter-output>
        </test-method> <!-- setUp -->
        <test-method status="PASS" signature="verifyLoggingOutTest()[pri:5, instance:com.automation.qa.testcases.HomePageTest@5b275dab]" name="verifyLoggingOutTest" duration-ms="1869" started-at="2020-03-08T00:19:40Z" finished-at="2020-03-08T00:19:42Z">
          <reporter-output>
          </reporter-output>
        </test-method> <!-- verifyLoggingOutTest -->
        <test-method status="PASS" signature="tearDown()[pri:0, instance:com.automation.qa.testcases.HomePageTest@5b275dab]" name="tearDown" is-config="true" duration-ms="717" started-at="2020-03-08T00:19:42Z" finished-at="2020-03-08T00:19:43Z">
          <reporter-output>
          </reporter-output>
        </test-method> <!-- tearDown -->
        <test-method status="PASS" signature="setUp()[pri:0, instance:com.automation.qa.testcases.HomePageTest@5b275dab]" name="setUp" is-config="true" duration-ms="16076" started-at="2020-03-08T00:20:24Z" finished-at="2020-03-08T00:20:40Z">
          <reporter-output>
          </reporter-output>
        </test-method> <!-- setUp -->
        <test-method status="PASS" signature="verifySearchTextTest()[pri:6, instance:com.automation.qa.testcases.HomePageTest@5b275dab]" name="verifySearchTextTest" duration-ms="45" started-at="2020-03-08T00:20:40Z" finished-at="2020-03-08T00:20:40Z">
          <reporter-output>
          </reporter-output>
        </test-method> <!-- verifySearchTextTest -->
        <test-method status="PASS" signature="tearDown()[pri:0, instance:com.automation.qa.testcases.HomePageTest@5b275dab]" name="tearDown" is-config="true" duration-ms="640" started-at="2020-03-08T00:20:40Z" finished-at="2020-03-08T00:20:41Z">
          <reporter-output>
          </reporter-output>
        </test-method> <!-- tearDown -->
      </class> <!-- com.automation.qa.testcases.HomePageTest -->
    </test> <!-- Automation Practice Test Cases -->
  </suite> <!-- Automation Practice Test Suite -->
</testng-results>
