<?xml version="1.0" encoding="UTF-8"?>
<!-- Generated by org.testng.reporters.JUnitReportReporter -->
<testsuite skipped="0" hostname="LE-PF1EPTKS" name="com.automation.qa.testcases.OrderHistoryPageTest" tests="8" failures="2" timestamp="08 Mar 2020 00:21:55 GMT" time="187.239" errors="0">
  <testcase name="verifyOrderHistoryExistTest" time="22.451" classname="com.automation.qa.testcases.OrderHistoryPageTest"/>
  <testcase name="verifyMyWishlistExistTest" time="22.396" classname="com.automation.qa.testcases.OrderHistoryPageTest"/>
  <testcase name="verifyAddressExistTest" time="22.373" classname="com.automation.qa.testcases.OrderHistoryPageTest"/>
  <testcase name="verifyMyInformationExistTest" time="22.147" classname="com.automation.qa.testcases.OrderHistoryPageTest"/>
  <testcase name="verifyOrderHistoryNotEmptyTest" time="23.048" classname="com.automation.qa.testcases.OrderHistoryPageTest"/>
  <testcase name="verifyPageTitleTest" time="22.312" classname="com.automation.qa.testcases.OrderHistoryPageTest">
    <failure type="java.lang.AssertionError" message="expected [Order history - My Store] but found []">
      <![CDATA[java.lang.AssertionError: expected [Order history - My Store] but found []
at org.testng.Assert.fail(Assert.java:96)
at org.testng.Assert.failNotEquals(Assert.java:776)
at org.testng.Assert.assertEqualsImpl(Assert.java:137)
at org.testng.Assert.assertEquals(Assert.java:118)
at org.testng.Assert.assertEquals(Assert.java:453)
at org.testng.Assert.assertEquals(Assert.java:463)
at com.automation.qa.testcases.OrderHistoryPageTest.verifyPageTitleTest(OrderHistoryPageTest.java:93)
at sun.reflect.NativeMethodAccessorImpl.invoke0(Native Method)
at sun.reflect.NativeMethodAccessorImpl.invoke(Unknown Source)
at sun.reflect.DelegatingMethodAccessorImpl.invoke(Unknown Source)
at java.lang.reflect.Method.invoke(Unknown Source)
at org.testng.internal.MethodInvocationHelper.invokeMethod(MethodInvocationHelper.java:124)
at org.testng.internal.Invoker.invokeMethod(Invoker.java:583)
at org.testng.internal.Invoker.invokeTestMethod(Invoker.java:719)
at org.testng.internal.Invoker.invokeTestMethods(Invoker.java:989)
at org.testng.internal.TestMethodWorker.invokeTestMethods(TestMethodWorker.java:125)
at org.testng.internal.TestMethodWorker.run(TestMethodWorker.java:109)
at java.util.concurrent.ThreadPoolExecutor.runWorker(Unknown Source)
at java.util.concurrent.ThreadPoolExecutor$Worker.run(Unknown Source)
at java.lang.Thread.run(Unknown Source)
]]>
    </failure>
  </testcase> <!-- verifyPageTitleTest -->
  <testcase name="verifyDownloadInvoiceTest" time="26.493" classname="com.automation.qa.testcases.OrderHistoryPageTest">
    <failure type="java.lang.AssertionError" message="expected [true] but found [false]">
      <![CDATA[java.lang.AssertionError: expected [true] but found [false]
at org.testng.Assert.fail(Assert.java:96)
at org.testng.Assert.failNotEquals(Assert.java:776)
at org.testng.Assert.assertTrue(Assert.java:44)
at org.testng.Assert.assertTrue(Assert.java:54)
at com.automation.qa.testcases.OrderHistoryPageTest.verifyDownloadInvoiceTest(OrderHistoryPageTest.java:105)
at sun.reflect.NativeMethodAccessorImpl.invoke0(Native Method)
at sun.reflect.NativeMethodAccessorImpl.invoke(Unknown Source)
at sun.reflect.DelegatingMethodAccessorImpl.invoke(Unknown Source)
at java.lang.reflect.Method.invoke(Unknown Source)
at org.testng.internal.MethodInvocationHelper.invokeMethod(MethodInvocationHelper.java:124)
at org.testng.internal.Invoker.invokeMethod(Invoker.java:583)
at org.testng.internal.Invoker.invokeTestMethod(Invoker.java:719)
at org.testng.internal.Invoker.invokeTestMethods(Invoker.java:989)
at org.testng.internal.TestMethodWorker.invokeTestMethods(TestMethodWorker.java:125)
at org.testng.internal.TestMethodWorker.run(TestMethodWorker.java:109)
at java.util.concurrent.ThreadPoolExecutor.runWorker(Unknown Source)
at java.util.concurrent.ThreadPoolExecutor$Worker.run(Unknown Source)
at java.lang.Thread.run(Unknown Source)
]]>
    </failure>
  </testcase> <!-- verifyDownloadInvoiceTest -->
  <testcase name="verifyDownloadInvoiceNotEmptyTest" time="26.019" classname="com.automation.qa.testcases.OrderHistoryPageTest"/>
</testsuite> <!-- com.automation.qa.testcases.OrderHistoryPageTest -->
